Build started 6/21/2014 2:58:24 PM.
     1>Project "C:\Users\Full Sail\Documents\GitHub\Project2\Project2\Project2\Project2.vcxproj" on node 2 (Build target(s)).
     1>ClCompile:
         F:\VS2013\VC\bin\CL.exe /c /ZI /nologo /W3 /WX- /Od /Oy- /D WIN32 /D _DEBUG /D _WINDOWS /D _UNICODE /D UNICODE /Gm /EHsc /RTC1 /MDd /GS /fp:precise /Zc:wchar_t /Zc:forScope /Fo"Debug\\" /Fd"Debug\vc120.pdb" /Gd /TP /analyze- /errorReport:prompt Game.cpp
         Game.cpp
     1>c:\users\full sail\documents\github\project2\project2\project2\game.cpp(80): warning C4244: '=' : conversion from 'int' to 'FLOAT', possible loss of data
     1>c:\users\full sail\documents\github\project2\project2\project2\game.cpp(82): warning C4244: '=' : conversion from 'int' to 'FLOAT', possible loss of data
     1>c:\users\full sail\documents\github\project2\project2\project2\game.cpp(97): warning C4244: '=' : conversion from 'int' to 'FLOAT', possible loss of data
     1>c:\users\full sail\documents\github\project2\project2\project2\game.cpp(99): warning C4244: '=' : conversion from 'int' to 'FLOAT', possible loss of data
     1>c:\users\full sail\documents\github\project2\project2\project2\game.cpp(358): warning C4244: '=' : conversion from 'int' to 'FLOAT', possible loss of data
     1>c:\users\full sail\documents\github\project2\project2\project2\game.cpp(364): warning C4244: '=' : conversion from 'int' to 'FLOAT', possible loss of data
     1>c:\users\full sail\documents\github\project2\project2\project2\game.cpp(611): warning C4129: 'I' : unrecognized character escape sequence
       Link:
         F:\VS2013\VC\bin\link.exe /ERRORREPORT:PROMPT /OUT:"C:\Users\Full Sail\Documents\GitHub\Project2\Project2\Debug\Project2.exe" /INCREMENTAL /NOLOGO kernel32.lib user32.lib gdi32.lib winspool.lib comdlg32.lib advapi32.lib shell32.lib ole32.lib oleaut32.lib uuid.lib odbc32.lib odbccp32.lib /MANIFEST /MANIFESTUAC:"level='asInvoker' uiAccess='false'" /manifest:embed /DEBUG /PDB:"C:\Users\Full Sail\Documents\GitHub\Project2\Project2\Debug\Project2.pdb" /SUBSYSTEM:WINDOWS /TLBID:1 /DYNAMICBASE /NXCOMPAT /IMPLIB:"C:\Users\Full Sail\Documents\GitHub\Project2\Project2\Debug\Project2.lib" /MACHINE:X86 Debug\MultiThreaded.res
         Debug\Game.obj
         Debug\WinMain.obj
         Project2.vcxproj -> C:\Users\Full Sail\Documents\GitHub\Project2\Project2\Debug\Project2.exe
       PostBuildEvent:
         copy /y “C:\Program Files (x86)\FMOD SoundSystem\FMOD Programmers API Windows\api\fmodex.dll” “C:\Users\Full Sail\Documents\GitHub\Project2\Project2\Debug\”
         :VCEnd
                 1 file(s) copied.
     1>Done Building Project "C:\Users\Full Sail\Documents\GitHub\Project2\Project2\Project2\Project2.vcxproj" (Build target(s)).

Build succeeded.

Time Elapsed 00:00:01.75
